  utils.cpp
C:\Users\andre\Desktop\GTR\GTR_Framework\src\scene.h(8,12): warning C4099: 'cJSON': nombre de tipo visto anteriormente usando 'struct' ahora se ve usando 'class'
C:\Users\andre\Desktop\GTR\GTR_Framework\src\extra\cJSON.h(103): message : vea la declaración de 'cJSON'
C:\Users\andre\Desktop\GTR\GTR_Framework\src\utils.cpp(103,13): warning C4996: 'fopen': This function or variable may be unsafe. Consider using fopen_s instead. To disable deprecation, use _CRT_SECURE_NO_WARNINGS. See online help for details.
C:\Users\andre\Desktop\GTR\GTR_Framework\src\utils.cpp(128,7): warning C4996: 'fopen': This function or variable may be unsafe. Consider using fopen_s instead. To disable deprecation, use _CRT_SECURE_NO_WARNINGS. See online help for details.
C:\Users\andre\Desktop\GTR\GTR_Framework\src\utils.cpp(184,20): warning C4018: '<': no coinciden signed/unsigned
C:\Users\andre\Desktop\GTR\GTR_Framework\src\utils.cpp(185,26): warning C4018: '<': no coinciden signed/unsigned
C:\Users\andre\Desktop\GTR\GTR_Framework\src\utils.cpp(333,51): warning C4244: 'argumento': conversión de 'double' a 'float'; posible pérdida de datos
C:\Users\andre\Desktop\GTR\GTR_Framework\src\utils.cpp(334,63): warning C4305: 'argumento': truncamiento de 'double' a 'float'
C:\Users\andre\Desktop\GTR\GTR_Framework\src\utils.cpp(374,10): warning C4244: '=': conversión de 'double' a 'float'; posible pérdida de datos
C:\Users\andre\Desktop\GTR\GTR_Framework\src\utils.cpp(384,16): warning C4244: '=': conversión de 'double' a 'float'; posible pérdida de datos
C:\Users\andre\Desktop\GTR\GTR_Framework\src\utils.cpp(406,11): warning C4244: 'inicializando': conversión de 'double' a 'float'; posible pérdida de datos
C:\Users\andre\Desktop\GTR\GTR_Framework\src\utils.cpp(408,17): warning C4244: 'argumento': conversión de 'float' a 'const unsigned int'; posible pérdida de datos
C:\Users\andre\Desktop\GTR\GTR_Framework\src\utils.cpp(421,12): warning C4244: 'inicializando': conversión de 'double' a 'float'; posible pérdida de datos
C:\Users\andre\Desktop\GTR\GTR_Framework\src\utils.cpp(430,14): warning C4018: '>=': no coinciden signed/unsigned
C:\Users\andre\Desktop\GTR\GTR_Framework\src\utils.cpp(470,20): warning C4018: '<': no coinciden signed/unsigned
C:\Users\andre\Desktop\GTR\GTR_Framework\src\utils.cpp(471,59): warning C4244: 'argumento': conversión de '_Ty' a 'unsigned int'; posible pérdida de datos
          with
          [
              _Ty=float
          ]
C:\Users\andre\Desktop\GTR\GTR_Framework\src\utils.cpp(471,44): warning C4244: 'argumento': conversión de '_Ty' a 'unsigned int'; posible pérdida de datos
          with
          [
              _Ty=float
          ]
C:\Users\andre\Desktop\GTR\GTR_Framework\src\utils.cpp(471,29): warning C4244: 'argumento': conversión de '_Ty' a 'unsigned int'; posible pérdida de datos
          with
          [
              _Ty=float
          ]
C:\Users\andre\Desktop\GTR\GTR_Framework\src\utils.cpp(481,20): warning C4018: '<': no coinciden signed/unsigned
C:\Users\andre\Desktop\GTR\GTR_Framework\src\utils.cpp(492,20): warning C4018: '<': no coinciden signed/unsigned
C:\Users\andre\Desktop\GTR\GTR_Framework\src\utils.cpp(493,74): warning C4244: 'argumento': conversión de '_Ty' a 'unsigned char'; posible pérdida de datos
          with
          [
              _Ty=float
          ]
C:\Users\andre\Desktop\GTR\GTR_Framework\src\utils.cpp(493,59): warning C4244: 'argumento': conversión de '_Ty' a 'unsigned char'; posible pérdida de datos
          with
          [
              _Ty=float
          ]
C:\Users\andre\Desktop\GTR\GTR_Framework\src\utils.cpp(493,44): warning C4244: 'argumento': conversión de '_Ty' a 'unsigned char'; posible pérdida de datos
          with
          [
              _Ty=float
          ]
C:\Users\andre\Desktop\GTR\GTR_Framework\src\utils.cpp(493,29): warning C4244: 'argumento': conversión de '_Ty' a 'unsigned char'; posible pérdida de datos
          with
          [
              _Ty=float
          ]
C:\Users\andre\Desktop\GTR\GTR_Framework\src\utils.cpp(512,17): warning C4244: 'return': conversión de 'double' a 'float'; posible pérdida de datos
C:\Users\andre\Desktop\GTR\GTR_Framework\src\utils.cpp(532,20): warning C4018: '<': no coinciden signed/unsigned
C:\Users\andre\Desktop\GTR\GTR_Framework\src\utils.cpp(536,23): warning C4244: '=': conversión de 'double' a '_Ty'; posible pérdida de datos
          with
          [
              _Ty=float
          ]
camera.obj : warning LNK4075: se omite '/EDITANDCONTINUE' debido a la especificación '/INCREMENTAL:NO'
     Creando biblioteca ..\..\framework_debug.lib y objeto ..\..\framework_debug.exp
LINK : warning LNK4098: la biblioteca predeterminada'LIBCMT' entra en conflicto con otras bibliotecas; use la biblioteca /NODEFAULTLIB:biblioteca
LINK : warning LNK4217: "___glewActiveTexture" importa el símbolo "glew32s.lib(glew.obj)" definido en "imgui_impl_opengl3.obj" en la función ""void __cdecl ImGui_ImplOpenGL3_RenderDrawData(struct ImDrawData *)" (?ImGui_ImplOpenGL3_RenderDrawData@@YAXPAUImDrawData@@@Z)"
LINK : warning LNK4217: "___glewBlendEquation" importa el símbolo "glew32s.lib(glew.obj)" definido en "imgui_impl_opengl3.obj" en la función ""void __cdecl ImGui_ImplOpenGL3_SetupRenderState(struct ImDrawData *,int,int,unsigned int)" (?ImGui_ImplOpenGL3_SetupRenderState@@YAXPAUImDrawData@@HHI@Z)"
LINK : warning LNK4217: "___glewBlendFuncSeparate" importa el símbolo "glew32s.lib(glew.obj)" definido en "imgui_impl_opengl3.obj" en la función ""void __cdecl ImGui_ImplOpenGL3_RenderDrawData(struct ImDrawData *)" (?ImGui_ImplOpenGL3_RenderDrawData@@YAXPAUImDrawData@@@Z)"
LINK : warning LNK4217: "___glewBindBuffer" importa el símbolo "glew32s.lib(glew.obj)" definido en "imgui_impl_opengl3.obj" en la función ""bool __cdecl ImGui_ImplOpenGL3_CreateDeviceObjects(void)" (?ImGui_ImplOpenGL3_CreateDeviceObjects@@YA_NXZ)"
LINK : warning LNK4217: "___glewBufferData" importa el símbolo "glew32s.lib(glew.obj)" definido en "imgui_impl_opengl3.obj" en la función ""void __cdecl ImGui_ImplOpenGL3_RenderDrawData(struct ImDrawData *)" (?ImGui_ImplOpenGL3_RenderDrawData@@YAXPAUImDrawData@@@Z)"
LINK : warning LNK4217: "___glewDeleteBuffers" importa el símbolo "glew32s.lib(glew.obj)" definido en "imgui_impl_opengl3.obj" en la función ""void __cdecl ImGui_ImplOpenGL3_DestroyDeviceObjects(void)" (?ImGui_ImplOpenGL3_DestroyDeviceObjects@@YAXXZ)"
LINK : warning LNK4217: "___glewGenBuffers" importa el símbolo "glew32s.lib(glew.obj)" definido en "imgui_impl_opengl3.obj" en la función ""bool __cdecl ImGui_ImplOpenGL3_CreateDeviceObjects(void)" (?ImGui_ImplOpenGL3_CreateDeviceObjects@@YA_NXZ)"
LINK : warning LNK4217: "___glewAttachShader" importa el símbolo "glew32s.lib(glew.obj)" definido en "imgui_impl_opengl3.obj" en la función ""bool __cdecl ImGui_ImplOpenGL3_CreateDeviceObjects(void)" (?ImGui_ImplOpenGL3_CreateDeviceObjects@@YA_NXZ)"
LINK : warning LNK4217: "___glewBlendEquationSeparate" importa el símbolo "glew32s.lib(glew.obj)" definido en "imgui_impl_opengl3.obj" en la función ""void __cdecl ImGui_ImplOpenGL3_RenderDrawData(struct ImDrawData *)" (?ImGui_ImplOpenGL3_RenderDrawData@@YAXPAUImDrawData@@@Z)"
LINK : warning LNK4217: "___glewCompileShader" importa el símbolo "glew32s.lib(glew.obj)" definido en "imgui_impl_opengl3.obj" en la función ""bool __cdecl ImGui_ImplOpenGL3_CreateDeviceObjects(void)" (?ImGui_ImplOpenGL3_CreateDeviceObjects@@YA_NXZ)"
LINK : warning LNK4217: "___glewCreateProgram" importa el símbolo "glew32s.lib(glew.obj)" definido en "imgui_impl_opengl3.obj" en la función ""bool __cdecl ImGui_ImplOpenGL3_CreateDeviceObjects(void)" (?ImGui_ImplOpenGL3_CreateDeviceObjects@@YA_NXZ)"
LINK : warning LNK4217: "___glewCreateShader" importa el símbolo "glew32s.lib(glew.obj)" definido en "imgui_impl_opengl3.obj" en la función ""bool __cdecl ImGui_ImplOpenGL3_CreateDeviceObjects(void)" (?ImGui_ImplOpenGL3_CreateDeviceObjects@@YA_NXZ)"
LINK : warning LNK4217: "___glewDeleteProgram" importa el símbolo "glew32s.lib(glew.obj)" definido en "imgui_impl_opengl3.obj" en la función ""void __cdecl ImGui_ImplOpenGL3_DestroyDeviceObjects(void)" (?ImGui_ImplOpenGL3_DestroyDeviceObjects@@YAXXZ)"
LINK : warning LNK4217: "___glewDeleteShader" importa el símbolo "glew32s.lib(glew.obj)" definido en "imgui_impl_opengl3.obj" en la función ""void __cdecl ImGui_ImplOpenGL3_DestroyDeviceObjects(void)" (?ImGui_ImplOpenGL3_DestroyDeviceObjects@@YAXXZ)"
LINK : warning LNK4217: "___glewDetachShader" importa el símbolo "glew32s.lib(glew.obj)" definido en "imgui_impl_opengl3.obj" en la función ""void __cdecl ImGui_ImplOpenGL3_DestroyDeviceObjects(void)" (?ImGui_ImplOpenGL3_DestroyDeviceObjects@@YAXXZ)"
LINK : warning LNK4217: "___glewEnableVertexAttribArray" importa el símbolo "glew32s.lib(glew.obj)" definido en "imgui_impl_opengl3.obj" en la función ""void __cdecl ImGui_ImplOpenGL3_SetupRenderState(struct ImDrawData *,int,int,unsigned int)" (?ImGui_ImplOpenGL3_SetupRenderState@@YAXPAUImDrawData@@HHI@Z)"
LINK : warning LNK4217: "___glewGetAttribLocation" importa el símbolo "glew32s.lib(glew.obj)" definido en "imgui_impl_opengl3.obj" en la función ""bool __cdecl ImGui_ImplOpenGL3_CreateDeviceObjects(void)" (?ImGui_ImplOpenGL3_CreateDeviceObjects@@YA_NXZ)"
LINK : warning LNK4217: "___glewGetProgramInfoLog" importa el símbolo "glew32s.lib(glew.obj)" definido en "imgui_impl_opengl3.obj" en la función ""bool __cdecl CheckProgram(unsigned int,char const *)" (?CheckProgram@@YA_NIPBD@Z)"
LINK : warning LNK4217: "___glewGetProgramiv" importa el símbolo "glew32s.lib(glew.obj)" definido en "imgui_impl_opengl3.obj" en la función ""bool __cdecl CheckProgram(unsigned int,char const *)" (?CheckProgram@@YA_NIPBD@Z)"
LINK : warning LNK4217: "___glewGetShaderInfoLog" importa el símbolo "glew32s.lib(glew.obj)" definido en "imgui_impl_opengl3.obj" en la función ""bool __cdecl CheckShader(unsigned int,char const *)" (?CheckShader@@YA_NIPBD@Z)"
LINK : warning LNK4217: "___glewGetShaderiv" importa el símbolo "glew32s.lib(glew.obj)" definido en "imgui_impl_opengl3.obj" en la función ""bool __cdecl CheckShader(unsigned int,char const *)" (?CheckShader@@YA_NIPBD@Z)"
LINK : warning LNK4217: "___glewGetUniformLocation" importa el símbolo "glew32s.lib(glew.obj)" definido en "imgui_impl_opengl3.obj" en la función ""bool __cdecl ImGui_ImplOpenGL3_CreateDeviceObjects(void)" (?ImGui_ImplOpenGL3_CreateDeviceObjects@@YA_NXZ)"
LINK : warning LNK4217: "___glewLinkProgram" importa el símbolo "glew32s.lib(glew.obj)" definido en "imgui_impl_opengl3.obj" en la función ""bool __cdecl ImGui_ImplOpenGL3_CreateDeviceObjects(void)" (?ImGui_ImplOpenGL3_CreateDeviceObjects@@YA_NXZ)"
LINK : warning LNK4217: "___glewShaderSource" importa el símbolo "glew32s.lib(glew.obj)" definido en "imgui_impl_opengl3.obj" en la función ""bool __cdecl ImGui_ImplOpenGL3_CreateDeviceObjects(void)" (?ImGui_ImplOpenGL3_CreateDeviceObjects@@YA_NXZ)"
LINK : warning LNK4217: "___glewUniform1i" importa el símbolo "glew32s.lib(glew.obj)" definido en "imgui_impl_opengl3.obj" en la función ""void __cdecl ImGui_ImplOpenGL3_SetupRenderState(struct ImDrawData *,int,int,unsigned int)" (?ImGui_ImplOpenGL3_SetupRenderState@@YAXPAUImDrawData@@HHI@Z)"
LINK : warning LNK4217: "___glewUniformMatrix4fv" importa el símbolo "glew32s.lib(glew.obj)" definido en "imgui_impl_opengl3.obj" en la función ""void __cdecl ImGui_ImplOpenGL3_SetupRenderState(struct ImDrawData *,int,int,unsigned int)" (?ImGui_ImplOpenGL3_SetupRenderState@@YAXPAUImDrawData@@HHI@Z)"
LINK : warning LNK4217: "___glewUseProgram" importa el símbolo "glew32s.lib(glew.obj)" definido en "imgui_impl_opengl3.obj" en la función ""void __cdecl ImGui_ImplOpenGL3_RenderDrawData(struct ImDrawData *)" (?ImGui_ImplOpenGL3_RenderDrawData@@YAXPAUImDrawData@@@Z)"
LINK : warning LNK4217: "___glewVertexAttribPointer" importa el símbolo "glew32s.lib(glew.obj)" definido en "imgui_impl_opengl3.obj" en la función ""void __cdecl ImGui_ImplOpenGL3_SetupRenderState(struct ImDrawData *,int,int,unsigned int)" (?ImGui_ImplOpenGL3_SetupRenderState@@YAXPAUImDrawData@@HHI@Z)"
LINK : warning LNK4217: "___glewDrawElementsBaseVertex" importa el símbolo "glew32s.lib(glew.obj)" definido en "imgui_impl_opengl3.obj" en la función ""void __cdecl ImGui_ImplOpenGL3_RenderDrawData(struct ImDrawData *)" (?ImGui_ImplOpenGL3_RenderDrawData@@YAXPAUImDrawData@@@Z)"
LINK : warning LNK4217: "___glewBindSampler" importa el símbolo "glew32s.lib(glew.obj)" definido en "imgui_impl_opengl3.obj" en la función ""void __cdecl ImGui_ImplOpenGL3_RenderDrawData(struct ImDrawData *)" (?ImGui_ImplOpenGL3_RenderDrawData@@YAXPAUImDrawData@@@Z)"
LINK : warning LNK4217: "___glewBindVertexArray" importa el símbolo "glew32s.lib(glew.obj)" definido en "imgui_impl_opengl3.obj" en la función ""bool __cdecl ImGui_ImplOpenGL3_CreateDeviceObjects(void)" (?ImGui_ImplOpenGL3_CreateDeviceObjects@@YA_NXZ)"
LINK : warning LNK4217: "___glewDeleteVertexArrays" importa el símbolo "glew32s.lib(glew.obj)" definido en "imgui_impl_opengl3.obj" en la función ""void __cdecl ImGui_ImplOpenGL3_RenderDrawData(struct ImDrawData *)" (?ImGui_ImplOpenGL3_RenderDrawData@@YAXPAUImDrawData@@@Z)"
LINK : warning LNK4217: "___glewGenVertexArrays" importa el símbolo "glew32s.lib(glew.obj)" definido en "imgui_impl_opengl3.obj" en la función ""void __cdecl ImGui_ImplOpenGL3_RenderDrawData(struct ImDrawData *)" (?ImGui_ImplOpenGL3_RenderDrawData@@YAXPAUImDrawData@@@Z)"
glew32s.lib(glew.obj) : warning LNK4099: no se encontró PDB 'vc120.pdb' con 'glew32s.lib(glew.obj)' o en 'C:\Users\andre\Desktop\GTR\GTR_Framework\vc120.pdb'; se vinculará el objeto sin tener en cuenta información de depuración
  visualstudio.vcxproj -> C:\Users\andre\Desktop\GTR\GTR_Framework\framework_debug.exe
